{
  "RSpec": {
    "coverage": {
      "/Users/samusylvander/Source/Ruby/ratebeer/app/models/rating.rb": [
        1,
        1,
        1,
        null,
        1,
        null,
        null,
        null,
        1,
        null,
        0,
        null,
        null
      ],
      "/Users/samusylvander/Source/Ruby/ratebeer/app/helpers/application_helper.rb": [
        1,
        null
      ],
      "/Users/samusylvander/Source/Ruby/ratebeer/app/helpers/beer_clubs_helper.rb": [
        1,
        null
      ],
      "/Users/samusylvander/Source/Ruby/ratebeer/app/helpers/beers_helper.rb": [
        1,
        null
      ],
      "/Users/samusylvander/Source/Ruby/ratebeer/app/helpers/breweries_helper.rb": [
        1,
        null
      ],
      "/Users/samusylvander/Source/Ruby/ratebeer/app/helpers/memberships_helper.rb": [
        1,
        null
      ],
      "/Users/samusylvander/Source/Ruby/ratebeer/app/helpers/users_helper.rb": [
        1,
        null
      ],
      "/Users/samusylvander/Source/Ruby/ratebeer/lib/beermapping_api.rb": [
        1,
        1,
        null,
        3,
        3,
        3,
        null,
        3,
        null,
        2,
        2,
        4,
        null,
        null,
        null,
        1,
        0,
        null,
        null
      ],
      "/Users/samusylvander/Source/Ruby/ratebeer/app/models/place.rb": [
        1,
        1,
        null,
        1,
        null,
        1,
        0,
        null,
        null
      ]
    },
    "timestamp": 1423942667
  }
}
